2026-01-05 15:10:18 INFO  com.example.dao.BusPassDAO - Select Query Executed
2026-01-05 15:10:18 INFO  com.example.dao.BusPassDAO - BusPass Values Inserted
2026-01-05 15:10:18 ERROR com.example.dao.BusPassDAO - BusPass Values doesn't updated
2026-01-05 15:10:18 ERROR com.example.dao.BusPassDAO - BusPass Values doesn't deleted
2026-01-05 15:10:18 INFO  com.example.dao.UserDAO - called findByUsername
2026-01-05 15:10:18 INFO  c.example.service.BusPassServiceImpl - Called Find All method
2026-01-05 15:10:18 INFO  c.example.service.BusPassServiceImpl - TestPass retrived from table
2026-01-05 15:10:18 INFO  c.example.service.BusPassServiceImpl - BusPass Registered
2026-01-05 15:10:18 INFO  c.example.service.BusPassServiceImpl - BusPass Id : 2 Updated...
2026-01-05 15:10:18 INFO  c.example.service.BusPassServiceImpl - BusPass Id : 3 Deleted..
2026-01-05 15:10:19 INFO  com.example.servlet.BusPassServlet - The Status was Success - BusPass retrieved for this id: 5
2026-01-05 15:10:19 INFO  com.example.servlet.BusPassServlet - The Status was Success for created BusPass
2026-01-05 15:10:19 INFO  com.example.servlet.BusPassServlet - The Status was Success for Update BusPass id: 9
2026-01-05 15:10:19 INFO  com.example.servlet.BusPassServlet - The Status was Success - All BusPasses retrieved
2026-01-05 15:10:19 INFO  com.example.servlet.BusPassServlet - The Status was Success for Update BusPass
2026-01-05 16:30:37 INFO  com.example.dao.BusPassDAO - Select Query Executed
2026-01-05 16:30:37 INFO  com.example.dao.BusPassDAO - BusPass Values Inserted
2026-01-05 16:30:37 ERROR com.example.dao.BusPassDAO - BusPass Values doesn't updated
2026-01-05 16:30:37 ERROR com.example.dao.BusPassDAO - BusPass Values doesn't deleted
2026-01-05 16:30:37 INFO  com.example.dao.UserDAO - called findByUsername
2026-01-05 16:30:37 INFO  c.example.service.BusPassServiceImpl - Called Find All method
2026-01-05 16:30:37 INFO  c.example.service.BusPassServiceImpl - TestPass retrived from table
2026-01-05 16:30:37 INFO  c.example.service.BusPassServiceImpl - BusPass Registered
2026-01-05 16:30:37 INFO  c.example.service.BusPassServiceImpl - BusPass Id : 2 Updated...
2026-01-05 16:30:37 INFO  c.example.service.BusPassServiceImpl - BusPass Id : 3 Deleted..
2026-01-05 16:30:37 INFO  com.example.servlet.BusPassServlet - The Status was Success - BusPass retrieved for this id: 5
2026-01-05 16:30:37 INFO  com.example.servlet.BusPassServlet - The Status was Success for created BusPass
2026-01-05 16:30:37 INFO  com.example.servlet.BusPassServlet - The Status was Success for Update BusPass id: 9
2026-01-05 16:30:37 INFO  com.example.servlet.BusPassServlet - The Status was Success - All BusPasses retrieved
2026-01-05 16:30:37 INFO  com.example.servlet.BusPassServlet - The Status was Success for Update BusPass
2026-01-05 16:44:30 INFO  com.example.dao.BusPassDAO - Select Query Executed
2026-01-05 16:44:30 INFO  com.example.dao.BusPassDAO - BusPass Values Inserted
2026-01-05 16:44:30 ERROR com.example.dao.BusPassDAO - BusPass Values doesn't updated
2026-01-05 16:44:30 ERROR com.example.dao.BusPassDAO - BusPass Values doesn't deleted
2026-01-05 16:44:30 INFO  com.example.dao.UserDAO - called findByUsername
2026-01-05 16:44:30 INFO  c.example.service.BusPassServiceImpl - Called Find All method
2026-01-05 16:44:30 INFO  c.example.service.BusPassServiceImpl - TestPass retrived from table
2026-01-05 16:44:30 INFO  c.example.service.BusPassServiceImpl - BusPass Registered
2026-01-05 16:44:30 INFO  c.example.service.BusPassServiceImpl - BusPass Id : 2 Updated...
2026-01-05 16:44:30 INFO  c.example.service.BusPassServiceImpl - BusPass Id : 3 Deleted..
2026-01-05 16:44:30 INFO  com.example.servlet.BusPassServlet - The Status was Success - BusPass retrieved for this id: 5
2026-01-05 16:44:30 INFO  com.example.servlet.BusPassServlet - The Status was Success for created BusPass
2026-01-05 16:44:30 INFO  com.example.servlet.BusPassServlet - The Status was Success for Update BusPass id: 9
2026-01-05 16:44:30 INFO  com.example.servlet.BusPassServlet - The Status was Success - All BusPasses retrieved
2026-01-05 16:44:30 INFO  com.example.servlet.BusPassServlet - The Status was Success for Update BusPass
2026-01-05 17:14:39 INFO  com.example.dao.BusPassDAO - Select Query Executed
2026-01-05 17:14:39 INFO  com.example.dao.BusPassDAO - BusPass Values Inserted
2026-01-05 17:14:39 ERROR com.example.dao.BusPassDAO - BusPass Values doesn't updated
2026-01-05 17:14:39 ERROR com.example.dao.BusPassDAO - BusPass Values doesn't deleted
2026-01-05 17:14:39 INFO  com.example.dao.UserDAO - called findByUsername
2026-01-05 17:14:39 INFO  com.example.dao.UserDAO - passwordnull
2026-01-05 17:14:39 INFO  c.example.service.BusPassServiceImpl - Called Find All method
2026-01-05 17:14:39 INFO  c.example.service.BusPassServiceImpl - TestPass retrived from table
2026-01-05 17:14:39 INFO  c.example.service.BusPassServiceImpl - BusPass Registered
2026-01-05 17:14:39 INFO  c.example.service.BusPassServiceImpl - BusPass Id : 2 Updated...
2026-01-05 17:14:39 INFO  c.example.service.BusPassServiceImpl - BusPass Id : 3 Deleted..
2026-01-05 17:14:39 INFO  com.example.servlet.BusPassServlet - The Status was Success - BusPass retrieved for this id: 5
2026-01-05 17:14:39 INFO  com.example.servlet.BusPassServlet - The Status was Success for created BusPass
2026-01-05 17:14:39 INFO  com.example.servlet.BusPassServlet - The Status was Success for Update BusPass id: 9
2026-01-05 17:14:39 INFO  com.example.servlet.BusPassServlet - The Status was Success - All BusPasses retrieved
2026-01-05 17:14:39 INFO  com.example.servlet.BusPassServlet - The Status was Success for Update BusPass
2026-01-05 17:16:34 INFO  com.example.dao.BusPassDAO - Select Query Executed
2026-01-05 17:16:34 INFO  com.example.dao.BusPassDAO - BusPass Values Inserted
2026-01-05 17:16:34 ERROR com.example.dao.BusPassDAO - BusPass Values doesn't updated
2026-01-05 17:16:34 ERROR com.example.dao.BusPassDAO - BusPass Values doesn't deleted
2026-01-05 17:16:34 INFO  com.example.dao.UserDAO - called findByUsername
2026-01-05 17:16:34 INFO  com.example.dao.UserDAO - passwordnull
2026-01-05 17:16:34 INFO  c.example.service.BusPassServiceImpl - Called Find All method
2026-01-05 17:16:34 INFO  c.example.service.BusPassServiceImpl - TestPass retrived from table
2026-01-05 17:16:34 INFO  c.example.service.BusPassServiceImpl - BusPass Registered
2026-01-05 17:16:34 INFO  c.example.service.BusPassServiceImpl - BusPass Id : 2 Updated...
2026-01-05 17:16:34 INFO  c.example.service.BusPassServiceImpl - BusPass Id : 3 Deleted..
2026-01-05 17:16:34 INFO  com.example.servlet.BusPassServlet - The Status was Success - BusPass retrieved for this id: 5
2026-01-05 17:16:34 INFO  com.example.servlet.BusPassServlet - The Status was Success for created BusPass
2026-01-05 17:16:34 INFO  com.example.servlet.BusPassServlet - The Status was Success for Update BusPass id: 9
2026-01-05 17:16:34 INFO  com.example.servlet.BusPassServlet - The Status was Success - All BusPasses retrieved
2026-01-05 17:16:34 INFO  com.example.servlet.BusPassServlet - The Status was Success for Update BusPass
2026-01-05 17:20:35 INFO  com.example.dao.BusPassDAO - Select Query Executed
2026-01-05 17:20:35 INFO  com.example.dao.BusPassDAO - BusPass Values Inserted
2026-01-05 17:20:35 ERROR com.example.dao.BusPassDAO - BusPass Values doesn't updated
2026-01-05 17:20:35 ERROR com.example.dao.BusPassDAO - BusPass Values doesn't deleted
2026-01-05 17:20:35 INFO  com.example.dao.UserDAO - called findByUsername
2026-01-05 17:20:35 INFO  com.example.dao.UserDAO - passwordnull
2026-01-05 17:20:35 INFO  c.example.service.BusPassServiceImpl - Called Find All method
2026-01-05 17:20:35 INFO  c.example.service.BusPassServiceImpl - TestPass retrived from table
2026-01-05 17:20:35 INFO  c.example.service.BusPassServiceImpl - BusPass Registered
2026-01-05 17:20:35 INFO  c.example.service.BusPassServiceImpl - BusPass Id : 2 Updated...
2026-01-05 17:20:35 INFO  c.example.service.BusPassServiceImpl - BusPass Id : 3 Deleted..
2026-01-05 17:20:36 INFO  com.example.servlet.BusPassServlet - The Status was Success - BusPass retrieved for this id: 5
2026-01-05 17:20:36 INFO  com.example.servlet.BusPassServlet - The Status was Success for created BusPass
2026-01-05 17:20:36 INFO  com.example.servlet.BusPassServlet - The Status was Success for Update BusPass id: 9
2026-01-05 17:20:36 INFO  com.example.servlet.BusPassServlet - The Status was Success - All BusPasses retrieved
2026-01-05 17:20:36 INFO  com.example.servlet.BusPassServlet - The Status was Success for Update BusPass
2026-01-05 17:25:24 INFO  com.example.dao.BusPassDAO - Select Query Executed
2026-01-05 17:25:24 INFO  com.example.dao.BusPassDAO - BusPass Values Inserted
2026-01-05 17:25:24 ERROR com.example.dao.BusPassDAO - BusPass Values doesn't updated
2026-01-05 17:25:24 ERROR com.example.dao.BusPassDAO - BusPass Values doesn't deleted
2026-01-05 17:25:24 INFO  com.example.dao.UserDAO - called findByUsername
2026-01-05 17:25:24 INFO  com.example.dao.UserDAO - passwordnull
2026-01-05 17:25:24 INFO  c.example.service.BusPassServiceImpl - Called Find All method
2026-01-05 17:25:24 INFO  c.example.service.BusPassServiceImpl - TestPass retrived from table
2026-01-05 17:25:24 INFO  c.example.service.BusPassServiceImpl - BusPass Registered
2026-01-05 17:25:24 INFO  c.example.service.BusPassServiceImpl - BusPass Id : 2 Updated...
2026-01-05 17:25:24 INFO  c.example.service.BusPassServiceImpl - BusPass Id : 3 Deleted..
2026-01-05 17:25:24 INFO  com.example.servlet.BusPassServlet - The Status was Success - BusPass retrieved for this id: 5
2026-01-05 17:25:24 INFO  com.example.servlet.BusPassServlet - The Status was Success for created BusPass
2026-01-05 17:25:24 INFO  com.example.servlet.BusPassServlet - The Status was Success for Update BusPass id: 9
2026-01-05 17:25:24 INFO  com.example.servlet.BusPassServlet - The Status was Success - All BusPasses retrieved
2026-01-05 17:25:24 INFO  com.example.servlet.BusPassServlet - The Status was Success for Update BusPass
2026-01-05 18:07:26 INFO  com.example.dao.BusPassDAO - Select Query Executed
2026-01-05 18:07:26 INFO  com.example.dao.BusPassDAO - BusPass Values Inserted
2026-01-05 18:07:26 ERROR com.example.dao.BusPassDAO - BusPass Values doesn't updated
2026-01-05 18:07:26 ERROR com.example.dao.BusPassDAO - BusPass Values doesn't deleted
2026-01-05 18:07:26 INFO  com.example.dao.UserDAO - called findByUsername
2026-01-05 18:07:26 INFO  com.example.dao.UserDAO - passwordnull
2026-01-05 18:07:26 INFO  c.example.service.BusPassServiceImpl - Called Find All method
2026-01-05 18:07:26 INFO  c.example.service.BusPassServiceImpl - TestPass retrived from table
2026-01-05 18:07:26 INFO  c.example.service.BusPassServiceImpl - BusPass Registered
2026-01-05 18:07:26 INFO  c.example.service.BusPassServiceImpl - BusPass Id : 2 Updated...
2026-01-05 18:07:26 INFO  c.example.service.BusPassServiceImpl - BusPass Id : 3 Deleted..
2026-01-05 18:07:26 INFO  com.example.servlet.BusPassServlet - The Status was Success - BusPass retrieved for this id: 5
2026-01-05 18:07:26 INFO  com.example.servlet.BusPassServlet - The Status was Success for created BusPass
2026-01-05 18:07:26 INFO  com.example.servlet.BusPassServlet - The Status was Success for Update BusPass id: 9
2026-01-05 18:07:26 INFO  com.example.servlet.BusPassServlet - The Status was Success - All BusPasses retrieved
2026-01-05 18:07:26 INFO  com.example.servlet.BusPassServlet - The Status was Success for Update BusPass
2026-01-05 18:20:00 INFO  com.example.dao.BusPassDAO - Select Query Executed
2026-01-05 18:20:00 INFO  com.example.dao.BusPassDAO - BusPass Values Inserted
2026-01-05 18:20:00 ERROR com.example.dao.BusPassDAO - BusPass Values doesn't updated
2026-01-05 18:20:00 ERROR com.example.dao.BusPassDAO - BusPass Values doesn't deleted
2026-01-05 18:20:00 INFO  com.example.dao.UserDAO - called findByUsername
2026-01-05 18:20:00 INFO  com.example.dao.UserDAO - passwordnull
2026-01-05 18:20:00 INFO  c.example.service.BusPassServiceImpl - Called Find All method
2026-01-05 18:20:00 INFO  c.example.service.BusPassServiceImpl - TestPass retrived from table
2026-01-05 18:20:00 INFO  c.example.service.BusPassServiceImpl - BusPass Registered
2026-01-05 18:20:00 INFO  c.example.service.BusPassServiceImpl - BusPass Id : 2 Updated...
2026-01-05 18:20:00 INFO  c.example.service.BusPassServiceImpl - BusPass Id : 3 Deleted..
2026-01-05 18:20:01 INFO  com.example.servlet.BusPassServlet - The Status was Success - BusPass retrieved for this id: 5
2026-01-05 18:20:01 INFO  com.example.servlet.BusPassServlet - The Status was Success for created BusPass
2026-01-05 18:20:01 INFO  com.example.servlet.BusPassServlet - The Status was Success for Update BusPass id: 9
2026-01-05 18:20:01 INFO  com.example.servlet.BusPassServlet - The Status was Success - All BusPasses retrieved
2026-01-05 18:20:01 INFO  com.example.servlet.BusPassServlet - The Status was Success for Update BusPass
2026-01-05 18:25:41 INFO  com.example.dao.BusPassDAO - Select Query Executed
2026-01-05 18:25:41 INFO  com.example.dao.BusPassDAO - BusPass Values Inserted
2026-01-05 18:25:41 ERROR com.example.dao.BusPassDAO - BusPass Values doesn't updated
2026-01-05 18:25:41 ERROR com.example.dao.BusPassDAO - BusPass Values doesn't deleted
2026-01-05 18:25:41 INFO  com.example.dao.UserDAO - called findByUsername
2026-01-05 18:25:41 INFO  com.example.dao.UserDAO - passwordnull
2026-01-05 18:25:41 INFO  c.example.service.BusPassServiceImpl - Called Find All method
2026-01-05 18:25:41 INFO  c.example.service.BusPassServiceImpl - TestPass retrived from table
2026-01-05 18:25:41 INFO  c.example.service.BusPassServiceImpl - BusPass Registered
2026-01-05 18:25:41 INFO  c.example.service.BusPassServiceImpl - BusPass Id : 2 Updated...
2026-01-05 18:25:41 INFO  c.example.service.BusPassServiceImpl - BusPass Id : 3 Deleted..
2026-01-05 18:25:41 INFO  com.example.servlet.BusPassServlet - The Status was Success - BusPass retrieved for this id: 5
2026-01-05 18:25:41 INFO  com.example.servlet.BusPassServlet - The Status was Success for created BusPass
2026-01-05 18:25:41 INFO  com.example.servlet.BusPassServlet - The Status was Success for Update BusPass id: 9
2026-01-05 18:25:41 INFO  com.example.servlet.BusPassServlet - The Status was Success - All BusPasses retrieved
2026-01-05 18:25:41 INFO  com.example.servlet.BusPassServlet - The Status was Success for Update BusPass
2026-01-05 18:28:35 INFO  com.example.dao.BusPassDAO - Select Query Executed
2026-01-05 18:28:35 INFO  com.example.dao.BusPassDAO - BusPass Values Inserted
2026-01-05 18:28:35 ERROR com.example.dao.BusPassDAO - BusPass Values doesn't updated
2026-01-05 18:28:35 ERROR com.example.dao.BusPassDAO - BusPass Values doesn't deleted
2026-01-05 18:28:35 INFO  com.example.dao.UserDAO - called findByUsername
2026-01-05 18:28:35 INFO  c.example.service.BusPassServiceImpl - Called Find All method
2026-01-05 18:28:35 INFO  c.example.service.BusPassServiceImpl - TestPass retrived from table
2026-01-05 18:28:35 INFO  c.example.service.BusPassServiceImpl - BusPass Registered
2026-01-05 18:28:35 INFO  c.example.service.BusPassServiceImpl - BusPass Id : 2 Updated...
2026-01-05 18:28:35 INFO  c.example.service.BusPassServiceImpl - BusPass Id : 3 Deleted..
2026-01-05 18:28:35 INFO  com.example.servlet.BusPassServlet - The Status was Success - BusPass retrieved for this id: 5
2026-01-05 18:28:35 INFO  com.example.servlet.BusPassServlet - The Status was Success for created BusPass
2026-01-05 18:28:35 INFO  com.example.servlet.BusPassServlet - The Status was Success for Update BusPass id: 9
2026-01-05 18:28:35 INFO  com.example.servlet.BusPassServlet - The Status was Success - All BusPasses retrieved
2026-01-05 18:28:35 INFO  com.example.servlet.BusPassServlet - The Status was Success for Update BusPass
2026-01-06 21:20:38 INFO  com.example.dao.BusPassDAO - Select Query Executed
2026-01-06 21:20:39 INFO  com.example.dao.BusPassDAO - BusPass Values Inserted
2026-01-06 21:20:39 ERROR com.example.dao.BusPassDAO - BusPass Values doesn't updated
2026-01-06 21:20:39 ERROR com.example.dao.BusPassDAO - BusPass Values doesn't deleted
2026-01-06 21:20:39 INFO  com.example.dao.UserDAO - called findByUsername
2026-01-06 21:20:39 INFO  c.example.service.BusPassServiceImpl - Called Find All method
2026-01-06 21:20:39 INFO  c.example.service.BusPassServiceImpl - TestPass retrived from table
2026-01-06 21:20:39 INFO  c.example.service.BusPassServiceImpl - BusPass Registered
2026-01-06 21:20:39 INFO  c.example.service.BusPassServiceImpl - BusPass Id : 2 Updated...
2026-01-06 21:20:39 INFO  c.example.service.BusPassServiceImpl - BusPass Id : 3 Deleted..
2026-01-06 21:20:40 INFO  com.example.servlet.BusPassServlet - The Status was Success - BusPass retrieved for this id: 5
2026-01-06 21:20:40 INFO  com.example.servlet.BusPassServlet - The Status was Success for created BusPass
2026-01-06 21:20:40 INFO  com.example.servlet.BusPassServlet - The Status was Success for Update BusPass id: 9
2026-01-06 21:20:40 INFO  com.example.servlet.BusPassServlet - The Status was Success - All BusPasses retrieved
2026-01-06 21:20:40 INFO  com.example.servlet.BusPassServlet - The Status was Success for Update BusPass
2026-01-06 21:21:42 INFO  com.example.dao.BusPassDAO - Select Query Executed
2026-01-06 21:21:42 INFO  com.example.dao.BusPassDAO - BusPass Values Inserted
2026-01-06 21:21:42 ERROR com.example.dao.BusPassDAO - BusPass Values doesn't updated
2026-01-06 21:21:42 ERROR com.example.dao.BusPassDAO - BusPass Values doesn't deleted
2026-01-06 21:21:42 INFO  com.example.dao.UserDAO - called findByUsername
2026-01-06 21:21:42 INFO  c.example.service.BusPassServiceImpl - Called Find All method
2026-01-06 21:21:42 INFO  c.example.service.BusPassServiceImpl - TestPass retrived from table
2026-01-06 21:21:42 INFO  c.example.service.BusPassServiceImpl - BusPass Registered
2026-01-06 21:21:42 INFO  c.example.service.BusPassServiceImpl - BusPass Id : 2 Updated...
2026-01-06 21:21:42 INFO  c.example.service.BusPassServiceImpl - BusPass Id : 3 Deleted..
2026-01-06 21:21:43 INFO  com.example.servlet.BusPassServlet - The Status was Success - BusPass retrieved for this id: 5
2026-01-06 21:21:43 INFO  com.example.servlet.BusPassServlet - The Status was Success for created BusPass
2026-01-06 21:21:43 INFO  com.example.servlet.BusPassServlet - The Status was Success for Update BusPass id: 9
2026-01-06 21:21:43 INFO  com.example.servlet.BusPassServlet - The Status was Success - All BusPasses retrieved
2026-01-06 21:21:43 INFO  com.example.servlet.BusPassServlet - The Status was Success for Update BusPass
2026-01-06 21:42:25 INFO  com.example.dao.BusPassDAO - Select Query Executed
2026-01-06 21:42:25 INFO  com.example.dao.BusPassDAO - BusPass Values Inserted
2026-01-06 21:42:25 ERROR com.example.dao.BusPassDAO - BusPass Values doesn't updated
2026-01-06 21:42:25 ERROR com.example.dao.BusPassDAO - BusPass Values doesn't deleted
2026-01-06 21:42:25 INFO  com.example.dao.UserDAO - called findByUsername
2026-01-06 21:42:25 INFO  c.example.service.BusPassServiceImpl - Called Find All method
2026-01-06 21:42:25 INFO  c.example.service.BusPassServiceImpl - TestPass retrived from table
2026-01-06 21:42:25 INFO  c.example.service.BusPassServiceImpl - BusPass Registered
2026-01-06 21:42:25 INFO  c.example.service.BusPassServiceImpl - BusPass Id : 2 Updated...
2026-01-06 21:42:25 INFO  c.example.service.BusPassServiceImpl - BusPass Id : 3 Deleted..
2026-01-06 21:42:25 INFO  com.example.servlet.BusPassServlet - The Status was Success - BusPass retrieved for this id: 5
2026-01-06 21:42:25 INFO  com.example.servlet.BusPassServlet - The Status was Success for created BusPass
2026-01-06 21:42:25 INFO  com.example.servlet.BusPassServlet - The Status was Success for Update BusPass id: 9
2026-01-06 21:42:25 INFO  com.example.servlet.BusPassServlet - The Status was Success - All BusPasses retrieved
2026-01-06 21:42:25 INFO  com.example.servlet.BusPassServlet - The Status was Success for Update BusPass
2026-01-06 22:06:23 INFO  com.example.dao.BusPassDAO - Select Query Executed
2026-01-06 22:06:23 INFO  com.example.dao.BusPassDAO - BusPass Values Inserted
2026-01-06 22:06:23 ERROR com.example.dao.BusPassDAO - BusPass Values doesn't updated
2026-01-06 22:06:23 ERROR com.example.dao.BusPassDAO - BusPass Values doesn't deleted
2026-01-06 22:06:23 INFO  com.example.dao.UserDAO - called findByUsername
2026-01-06 22:06:23 INFO  c.example.service.BusPassServiceImpl - Called Find All method
2026-01-06 22:06:23 INFO  c.example.service.BusPassServiceImpl - TestPass retrived from table
2026-01-06 22:06:23 INFO  c.example.service.BusPassServiceImpl - BusPass Registered
2026-01-06 22:06:23 INFO  c.example.service.BusPassServiceImpl - BusPass Id : 2 Updated...
2026-01-06 22:06:23 INFO  c.example.service.BusPassServiceImpl - BusPass Id : 3 Deleted..
2026-01-06 22:06:24 INFO  com.example.servlet.BusPassServlet - The Status was Success - BusPass retrieved for this id: 5
2026-01-06 22:06:24 INFO  com.example.servlet.BusPassServlet - The Status was Success for created BusPass
2026-01-06 22:06:24 INFO  com.example.servlet.BusPassServlet - The Status was Success for Update BusPass id: 9
2026-01-06 22:06:24 INFO  com.example.servlet.BusPassServlet - The Status was Success - All BusPasses retrieved
2026-01-06 22:06:24 INFO  com.example.servlet.BusPassServlet - The Status was Success for Update BusPass
2026-01-06 22:18:53 INFO  com.example.dao.BusPassDAO - Select Query Executed
2026-01-06 22:18:53 INFO  com.example.dao.BusPassDAO - BusPass Values Inserted
2026-01-06 22:18:53 ERROR com.example.dao.BusPassDAO - BusPass Values doesn't updated
2026-01-06 22:18:53 ERROR com.example.dao.BusPassDAO - BusPass Values doesn't deleted
2026-01-06 22:18:53 INFO  com.example.dao.UserDAO - called findByUsername
2026-01-06 22:18:53 INFO  c.example.service.BusPassServiceImpl - Called Find All method
2026-01-06 22:18:53 INFO  c.example.service.BusPassServiceImpl - TestPass retrived from table
2026-01-06 22:18:53 INFO  c.example.service.BusPassServiceImpl - BusPass Registered
2026-01-06 22:18:53 INFO  c.example.service.BusPassServiceImpl - BusPass Id : 2 Updated...
2026-01-06 22:18:53 INFO  c.example.service.BusPassServiceImpl - BusPass Id : 3 Deleted..
2026-01-06 22:18:53 INFO  com.example.servlet.BusPassServlet - The Status was Success - BusPass retrieved for this id: 5
2026-01-06 22:18:53 INFO  com.example.servlet.BusPassServlet - The Status was Success for created BusPass
2026-01-06 22:18:53 INFO  com.example.servlet.BusPassServlet - The Status was Success for Update BusPass id: 9
2026-01-06 22:18:53 INFO  com.example.servlet.BusPassServlet - The Status was Success - All BusPasses retrieved
2026-01-06 22:18:53 INFO  com.example.servlet.BusPassServlet - The Status was Success for Update BusPass
2026-01-06 22:19:12 INFO  com.example.dao.BusPassDAO - Select Query Executed
2026-01-06 22:19:12 INFO  com.example.dao.BusPassDAO - BusPass Values Inserted
2026-01-06 22:19:12 ERROR com.example.dao.BusPassDAO - BusPass Values doesn't updated
2026-01-06 22:19:12 ERROR com.example.dao.BusPassDAO - BusPass Values doesn't deleted
2026-01-06 22:19:12 INFO  com.example.dao.UserDAO - called findByUsername
2026-01-06 22:19:12 INFO  c.example.service.BusPassServiceImpl - Called Find All method
2026-01-06 22:19:12 INFO  c.example.service.BusPassServiceImpl - TestPass retrived from table
2026-01-06 22:19:12 INFO  c.example.service.BusPassServiceImpl - BusPass Registered
2026-01-06 22:19:12 INFO  c.example.service.BusPassServiceImpl - BusPass Id : 2 Updated...
2026-01-06 22:19:12 INFO  c.example.service.BusPassServiceImpl - BusPass Id : 3 Deleted..
2026-01-06 22:19:13 INFO  com.example.servlet.BusPassServlet - The Status was Success - BusPass retrieved for this id: 5
2026-01-06 22:19:13 INFO  com.example.servlet.BusPassServlet - The Status was Success for created BusPass
2026-01-06 22:19:13 INFO  com.example.servlet.BusPassServlet - The Status was Success for Update BusPass id: 9
2026-01-06 22:19:13 INFO  com.example.servlet.BusPassServlet - The Status was Success - All BusPasses retrieved
2026-01-06 22:19:13 INFO  com.example.servlet.BusPassServlet - The Status was Success for Update BusPass
2026-01-06 22:24:22 INFO  com.example.dao.BusPassDAO - Select Query Executed
2026-01-06 22:24:22 INFO  com.example.dao.BusPassDAO - BusPass Values Inserted
2026-01-06 22:24:22 ERROR com.example.dao.BusPassDAO - BusPass Values doesn't updated
2026-01-06 22:24:22 ERROR com.example.dao.BusPassDAO - BusPass Values doesn't deleted
2026-01-06 22:24:22 INFO  com.example.dao.UserDAO - called findByUsername
2026-01-06 22:24:22 INFO  c.example.service.BusPassServiceImpl - Called Find All method
2026-01-06 22:24:22 INFO  c.example.service.BusPassServiceImpl - TestPass retrived from table
2026-01-06 22:24:22 INFO  c.example.service.BusPassServiceImpl - BusPass Registered
2026-01-06 22:24:22 INFO  c.example.service.BusPassServiceImpl - BusPass Id : 2 Updated...
2026-01-06 22:24:22 INFO  c.example.service.BusPassServiceImpl - BusPass Id : 3 Deleted..
2026-01-06 22:24:23 INFO  com.example.servlet.BusPassServlet - The Status was Success - BusPass retrieved for this id: 5
2026-01-06 22:24:23 INFO  com.example.servlet.BusPassServlet - The Status was Success for created BusPass
2026-01-06 22:24:23 INFO  com.example.servlet.BusPassServlet - The Status was Success for Update BusPass id: 9
2026-01-06 22:24:23 INFO  com.example.servlet.BusPassServlet - The Status was Success - All BusPasses retrieved
2026-01-06 22:24:23 INFO  com.example.servlet.BusPassServlet - The Status was Success for Update BusPass
2026-01-06 22:39:48 INFO  com.example.dao.BusPassDAO - Select Query Executed
2026-01-06 22:39:48 INFO  com.example.dao.BusPassDAO - BusPass Values Inserted
2026-01-06 22:39:48 ERROR com.example.dao.BusPassDAO - BusPass Values doesn't updated
2026-01-06 22:39:48 ERROR com.example.dao.BusPassDAO - BusPass Values doesn't deleted
2026-01-06 22:39:48 INFO  com.example.dao.UserDAO - called findByUsername
2026-01-06 22:39:48 INFO  c.example.service.BusPassServiceImpl - Called Find All method
2026-01-06 22:39:48 INFO  c.example.service.BusPassServiceImpl - TestPass retrived from table
2026-01-06 22:39:48 INFO  c.example.service.BusPassServiceImpl - BusPass Registered
2026-01-06 22:39:48 INFO  c.example.service.BusPassServiceImpl - BusPass Id : 2 Updated...
2026-01-06 22:39:48 INFO  c.example.service.BusPassServiceImpl - BusPass Id : 3 Deleted..
2026-01-06 22:39:48 INFO  com.example.servlet.BusPassServlet - The Status was Success - BusPass retrieved for this id: 5
2026-01-06 22:39:49 INFO  com.example.servlet.BusPassServlet - The Status was Success for created BusPass
2026-01-06 22:39:49 INFO  com.example.servlet.BusPassServlet - The Status was Success for Update BusPass id: 9
2026-01-06 22:39:49 INFO  com.example.servlet.BusPassServlet - The Status was Success - All BusPasses retrieved
2026-01-06 22:39:49 INFO  com.example.servlet.BusPassServlet - The Status was Success for Update BusPass
2026-01-06 22:45:34 INFO  com.example.dao.BusPassDAO - Select Query Executed
2026-01-06 22:45:34 INFO  com.example.dao.BusPassDAO - BusPass Values Inserted
2026-01-06 22:45:34 ERROR com.example.dao.BusPassDAO - BusPass Values doesn't updated
2026-01-06 22:45:34 ERROR com.example.dao.BusPassDAO - BusPass Values doesn't deleted
2026-01-06 22:45:34 INFO  com.example.dao.UserDAO - called findByUsername
2026-01-06 22:45:34 INFO  c.example.service.BusPassServiceImpl - Called Find All method
2026-01-06 22:45:34 INFO  c.example.service.BusPassServiceImpl - TestPass retrived from table
2026-01-06 22:45:34 INFO  c.example.service.BusPassServiceImpl - BusPass Registered
2026-01-06 22:45:34 INFO  c.example.service.BusPassServiceImpl - BusPass Id : 2 Updated...
2026-01-06 22:45:34 INFO  c.example.service.BusPassServiceImpl - BusPass Id : 3 Deleted..
2026-01-06 22:45:35 INFO  com.example.servlet.BusPassServlet - The Status was Success - BusPass retrieved for this id: 5
2026-01-06 22:45:35 INFO  com.example.servlet.BusPassServlet - The Status was Success for created BusPass
2026-01-06 22:45:36 INFO  com.example.servlet.BusPassServlet - The Status was Success for Update BusPass id: 9
2026-01-06 22:45:36 INFO  com.example.servlet.BusPassServlet - The Status was Success - All BusPasses retrieved
2026-01-06 22:45:36 INFO  com.example.servlet.BusPassServlet - The Status was Success for Update BusPass
2026-01-06 22:51:43 INFO  com.example.dao.BusPassDAO - Select Query Executed
2026-01-06 22:51:43 INFO  com.example.dao.BusPassDAO - BusPass Values Inserted
2026-01-06 22:51:43 ERROR com.example.dao.BusPassDAO - BusPass Values doesn't updated
2026-01-06 22:51:43 ERROR com.example.dao.BusPassDAO - BusPass Values doesn't deleted
2026-01-06 22:51:43 INFO  com.example.dao.UserDAO - called findByUsername
2026-01-06 22:51:43 INFO  c.example.service.BusPassServiceImpl - Called Find All method
2026-01-06 22:51:43 INFO  c.example.service.BusPassServiceImpl - TestPass retrived from table
2026-01-06 22:51:43 INFO  c.example.service.BusPassServiceImpl - BusPass Registered
2026-01-06 22:51:43 INFO  c.example.service.BusPassServiceImpl - BusPass Id : 2 Updated...
2026-01-06 22:51:43 INFO  c.example.service.BusPassServiceImpl - BusPass Id : 3 Deleted..
2026-01-06 22:51:44 INFO  com.example.servlet.BusPassServlet - The Status was Success - BusPass retrieved for this id: 5
2026-01-06 22:51:44 INFO  com.example.servlet.BusPassServlet - The Status was Success for created BusPass
2026-01-06 22:51:44 INFO  com.example.servlet.BusPassServlet - The Status was Success for Update BusPass id: 9
2026-01-06 22:51:44 INFO  com.example.servlet.BusPassServlet - The Status was Success - All BusPasses retrieved
2026-01-06 22:51:44 INFO  com.example.servlet.BusPassServlet - The Status was Success for Update BusPass
2026-01-06 23:08:19 INFO  com.example.dao.BusPassDAO - Select Query Executed
2026-01-06 23:08:19 INFO  com.example.dao.BusPassDAO - BusPass Values Inserted
2026-01-06 23:08:19 ERROR com.example.dao.BusPassDAO - BusPass Values doesn't updated
2026-01-06 23:08:19 ERROR com.example.dao.BusPassDAO - BusPass Values doesn't deleted
2026-01-06 23:08:19 INFO  com.example.dao.UserDAO - called findByUsername
2026-01-06 23:08:19 INFO  c.example.service.BusPassServiceImpl - Called Find All method
2026-01-06 23:08:19 INFO  c.example.service.BusPassServiceImpl - TestPass retrived from table
2026-01-06 23:08:19 INFO  c.example.service.BusPassServiceImpl - BusPass Registered
2026-01-06 23:08:19 INFO  c.example.service.BusPassServiceImpl - BusPass Id : 2 Updated...
2026-01-06 23:08:19 INFO  c.example.service.BusPassServiceImpl - BusPass Id : 3 Deleted..
2026-01-06 23:08:20 INFO  com.example.servlet.BusPassServlet - The Status was Success - BusPass retrieved for this id: 5
2026-01-06 23:08:20 INFO  com.example.servlet.BusPassServlet - The Status was Success for created BusPass
2026-01-06 23:08:20 INFO  com.example.servlet.BusPassServlet - The Status was Success for Update BusPass id: 9
2026-01-06 23:08:20 INFO  com.example.servlet.BusPassServlet - The Status was Success - All BusPasses retrieved
2026-01-06 23:08:21 INFO  com.example.servlet.BusPassServlet - The Status was Success for Update BusPass
2026-01-07 10:26:52 INFO  com.example.dao.BusPassDAO - Select Query Executed
2026-01-07 10:26:52 INFO  com.example.dao.BusPassDAO - BusPass Values Inserted
2026-01-07 10:26:52 ERROR com.example.dao.BusPassDAO - BusPass Values doesn't updated
2026-01-07 10:26:52 ERROR com.example.dao.BusPassDAO - BusPass Values doesn't deleted
2026-01-07 10:26:52 INFO  com.example.dao.UserDAO - called findByUsername
2026-01-07 10:26:52 INFO  c.example.service.BusPassServiceImpl - Called Find All method
2026-01-07 10:26:52 INFO  c.example.service.BusPassServiceImpl - TestPass retrived from table
2026-01-07 10:26:52 INFO  c.example.service.BusPassServiceImpl - BusPass Registered
2026-01-07 10:26:52 INFO  c.example.service.BusPassServiceImpl - BusPass Id : 2 Updated...
2026-01-07 10:26:52 INFO  c.example.service.BusPassServiceImpl - BusPass Id : 3 Deleted..
2026-01-07 10:26:53 INFO  com.example.servlet.BusPassServlet - The Status was Success - BusPass retrieved for this id: 5
2026-01-07 10:26:53 INFO  com.example.servlet.BusPassServlet - The Status was Success for created BusPass
2026-01-07 10:26:53 INFO  com.example.servlet.BusPassServlet - The Status was Success for Update BusPass id: 9
2026-01-07 10:26:53 INFO  com.example.servlet.BusPassServlet - The Status was Success - All BusPasses retrieved
2026-01-07 10:26:53 INFO  com.example.servlet.BusPassServlet - The Status was Success for Update BusPass
2026-01-07 10:42:47 INFO  com.example.dao.BusPassDAO - Select Query Executed
2026-01-07 10:42:47 INFO  com.example.dao.BusPassDAO - BusPass Values Inserted
2026-01-07 10:42:47 ERROR com.example.dao.BusPassDAO - BusPass Values doesn't updated
2026-01-07 10:42:47 ERROR com.example.dao.BusPassDAO - BusPass Values doesn't deleted
2026-01-07 10:42:47 INFO  com.example.dao.UserDAO - called findByUsername
2026-01-07 10:42:47 INFO  c.example.service.BusPassServiceImpl - Called Find All method
2026-01-07 10:42:47 INFO  c.example.service.BusPassServiceImpl - TestPass retrived from table
2026-01-07 10:42:47 INFO  c.example.service.BusPassServiceImpl - BusPass Registered
2026-01-07 10:42:47 INFO  c.example.service.BusPassServiceImpl - BusPass Id : 2 Updated...
2026-01-07 10:42:47 INFO  c.example.service.BusPassServiceImpl - BusPass Id : 3 Deleted..
2026-01-07 10:42:48 INFO  com.example.servlet.BusPassServlet - The Status was Success - BusPass retrieved for this id: 5
2026-01-07 10:42:48 INFO  com.example.servlet.BusPassServlet - The Status was Success for created BusPass
2026-01-07 10:42:48 INFO  com.example.servlet.BusPassServlet - The Status was Success for Update BusPass id: 9
2026-01-07 10:42:48 INFO  com.example.servlet.BusPassServlet - The Status was Success - All BusPasses retrieved
2026-01-07 10:42:48 INFO  com.example.servlet.BusPassServlet - The Status was Success for Update BusPass
2026-01-07 12:35:43 INFO  com.example.dao.BusPassDAO - Select Query Executed
2026-01-07 12:35:43 INFO  com.example.dao.BusPassDAO - BusPass Values Inserted
2026-01-07 12:35:43 ERROR com.example.dao.BusPassDAO - BusPass Values doesn't updated
2026-01-07 12:35:43 ERROR com.example.dao.BusPassDAO - BusPass Values doesn't deleted
2026-01-07 12:35:43 INFO  com.example.dao.UserDAO - called findByUsername
2026-01-07 12:35:43 INFO  c.example.service.BusPassServiceImpl - Called Find All method
2026-01-07 12:35:43 INFO  c.example.service.BusPassServiceImpl - TestPass retrived from table
2026-01-07 12:35:43 INFO  c.example.service.BusPassServiceImpl - BusPass Registered
2026-01-07 12:35:43 INFO  c.example.service.BusPassServiceImpl - BusPass Id : 2 Updated...
2026-01-07 12:35:43 INFO  c.example.service.BusPassServiceImpl - BusPass Id : 3 Deleted..
2026-01-07 12:35:44 INFO  com.example.servlet.BusPassServlet - The Status was Success - BusPass retrieved for this id: 5
2026-01-07 12:35:44 INFO  com.example.servlet.BusPassServlet - The Status was Success for created BusPass
2026-01-07 12:35:44 INFO  com.example.servlet.BusPassServlet - The Status was Success for Update BusPass id: 9
2026-01-07 12:35:44 INFO  com.example.servlet.BusPassServlet - The Status was Success - All BusPasses retrieved
2026-01-07 12:35:44 INFO  com.example.servlet.BusPassServlet - The Status was Success for Update BusPass
2026-01-07 12:36:53 INFO  com.example.dao.BusPassDAO - Select Query Executed
2026-01-07 12:36:53 INFO  com.example.dao.BusPassDAO - BusPass Values Inserted
2026-01-07 12:36:54 ERROR com.example.dao.BusPassDAO - BusPass Values doesn't updated
2026-01-07 12:36:54 ERROR com.example.dao.BusPassDAO - BusPass Values doesn't deleted
2026-01-07 12:36:54 INFO  com.example.dao.UserDAO - called findByUsername
2026-01-07 12:36:54 INFO  c.example.service.BusPassServiceImpl - Called Find All method
2026-01-07 12:36:54 INFO  c.example.service.BusPassServiceImpl - TestPass retrived from table
2026-01-07 12:36:54 INFO  c.example.service.BusPassServiceImpl - BusPass Registered
2026-01-07 12:36:54 INFO  c.example.service.BusPassServiceImpl - BusPass Id : 2 Updated...
2026-01-07 12:36:54 INFO  c.example.service.BusPassServiceImpl - BusPass Id : 3 Deleted..
2026-01-07 12:36:54 INFO  com.example.servlet.BusPassServlet - The Status was Success - BusPass retrieved for this id: 5
2026-01-07 12:36:54 INFO  com.example.servlet.BusPassServlet - The Status was Success for created BusPass
2026-01-07 12:36:54 INFO  com.example.servlet.BusPassServlet - The Status was Success for Update BusPass id: 9
2026-01-07 12:36:54 INFO  com.example.servlet.BusPassServlet - The Status was Success - All BusPasses retrieved
2026-01-07 12:36:54 INFO  com.example.servlet.BusPassServlet - The Status was Success for Update BusPass
2026-01-07 13:09:25 INFO  com.example.dao.BusPassDAO - Select Query Executed
2026-01-07 13:09:25 INFO  com.example.dao.BusPassDAO - BusPass Values Inserted
2026-01-07 13:09:25 ERROR com.example.dao.BusPassDAO - BusPass Values doesn't updated
2026-01-07 13:09:25 ERROR com.example.dao.BusPassDAO - BusPass Values doesn't deleted
2026-01-07 13:09:25 INFO  com.example.dao.UserDAO - called findByUsername
2026-01-07 13:09:25 INFO  c.example.service.BusPassServiceImpl - Called Find All method
2026-01-07 13:09:25 INFO  c.example.service.BusPassServiceImpl - TestPass retrived from table
2026-01-07 13:09:25 INFO  c.example.service.BusPassServiceImpl - BusPass Registered
2026-01-07 13:09:25 INFO  c.example.service.BusPassServiceImpl - BusPass Id : 2 Updated...
2026-01-07 13:09:25 INFO  c.example.service.BusPassServiceImpl - BusPass Id : 3 Deleted..
2026-01-07 13:09:26 INFO  com.example.servlet.BusPassServlet - The Status was Success - BusPass retrieved for this id: 5
2026-01-07 13:09:26 INFO  com.example.servlet.BusPassServlet - The Status was Success for created BusPass
2026-01-07 13:09:26 INFO  com.example.servlet.BusPassServlet - The Status was Success for Update BusPass id: 9
2026-01-07 13:09:26 INFO  com.example.servlet.BusPassServlet - The Status was Success - All BusPasses retrieved
2026-01-07 13:09:26 INFO  com.example.servlet.BusPassServlet - The Status was Success for Update BusPass
2026-01-07 13:10:52 INFO  com.example.dao.BusPassDAO - Select Query Executed
2026-01-07 13:10:52 INFO  com.example.dao.BusPassDAO - BusPass Values Inserted
2026-01-07 13:10:52 ERROR com.example.dao.BusPassDAO - BusPass Values doesn't updated
2026-01-07 13:10:52 ERROR com.example.dao.BusPassDAO - BusPass Values doesn't deleted
2026-01-07 13:10:52 INFO  com.example.dao.UserDAO - called findByUsername
2026-01-07 13:10:52 INFO  c.example.service.BusPassServiceImpl - Called Find All method
2026-01-07 13:10:52 INFO  c.example.service.BusPassServiceImpl - TestPass retrived from table
2026-01-07 13:10:52 INFO  c.example.service.BusPassServiceImpl - BusPass Registered
2026-01-07 13:10:52 INFO  c.example.service.BusPassServiceImpl - BusPass Id : 2 Updated...
2026-01-07 13:10:52 INFO  c.example.service.BusPassServiceImpl - BusPass Id : 3 Deleted..
2026-01-07 13:10:52 INFO  com.example.servlet.BusPassServlet - The Status was Success - BusPass retrieved for this id: 5
2026-01-07 13:10:53 INFO  com.example.servlet.BusPassServlet - The Status was Success for created BusPass
2026-01-07 13:10:53 INFO  com.example.servlet.BusPassServlet - The Status was Success for Update BusPass id: 9
2026-01-07 13:10:53 INFO  com.example.servlet.BusPassServlet - The Status was Success - All BusPasses retrieved
2026-01-07 13:10:53 INFO  com.example.servlet.BusPassServlet - The Status was Success for Update BusPass
2026-01-07 13:13:36 INFO  com.example.dao.BusPassDAO - Select Query Executed
2026-01-07 13:13:36 INFO  com.example.dao.BusPassDAO - BusPass Values Inserted
2026-01-07 13:13:36 ERROR com.example.dao.BusPassDAO - BusPass Values doesn't updated
2026-01-07 13:13:36 ERROR com.example.dao.BusPassDAO - BusPass Values doesn't deleted
2026-01-07 13:13:36 INFO  com.example.dao.UserDAO - called findByUsername
2026-01-07 13:13:36 INFO  c.example.service.BusPassServiceImpl - Called Find All method
2026-01-07 13:13:36 INFO  c.example.service.BusPassServiceImpl - TestPass retrived from table
2026-01-07 13:13:36 INFO  c.example.service.BusPassServiceImpl - BusPass Registered
2026-01-07 13:13:36 INFO  c.example.service.BusPassServiceImpl - BusPass Id : 2 Updated...
2026-01-07 13:13:36 INFO  c.example.service.BusPassServiceImpl - BusPass Id : 3 Deleted..
2026-01-07 13:13:37 INFO  com.example.servlet.BusPassServlet - The Status was Success - BusPass retrieved for this id: 5
2026-01-07 13:13:37 INFO  com.example.servlet.BusPassServlet - The Status was Success for created BusPass
2026-01-07 13:13:37 INFO  com.example.servlet.BusPassServlet - The Status was Success for Update BusPass id: 9
2026-01-07 13:13:37 INFO  com.example.servlet.BusPassServlet - The Status was Success - All BusPasses retrieved
2026-01-07 13:13:37 INFO  com.example.servlet.BusPassServlet - The Status was Success for Update BusPass
2026-01-07 13:17:16 INFO  com.example.dao.BusPassDAO - Select Query Executed
2026-01-07 13:17:16 INFO  com.example.dao.BusPassDAO - BusPass Values Inserted
2026-01-07 13:17:16 ERROR com.example.dao.BusPassDAO - BusPass Values doesn't updated
2026-01-07 13:17:16 ERROR com.example.dao.BusPassDAO - BusPass Values doesn't deleted
2026-01-07 13:17:16 INFO  com.example.dao.UserDAO - called findByUsername
2026-01-07 13:17:16 INFO  c.example.service.BusPassServiceImpl - Called Find All method
2026-01-07 13:17:16 INFO  c.example.service.BusPassServiceImpl - TestPass retrived from table
2026-01-07 13:17:16 INFO  c.example.service.BusPassServiceImpl - BusPass Registered
2026-01-07 13:17:16 INFO  c.example.service.BusPassServiceImpl - BusPass Id : 2 Updated...
2026-01-07 13:17:16 INFO  c.example.service.BusPassServiceImpl - BusPass Id : 3 Deleted..
2026-01-07 13:17:17 INFO  com.example.servlet.BusPassServlet - The Status was Success - BusPass retrieved for this id: 5
2026-01-07 13:17:17 INFO  com.example.servlet.BusPassServlet - The Status was Success for created BusPass
2026-01-07 13:17:17 INFO  com.example.servlet.BusPassServlet - The Status was Success for Update BusPass id: 9
2026-01-07 13:17:17 INFO  com.example.servlet.BusPassServlet - The Status was Success - All BusPasses retrieved
2026-01-07 13:17:17 INFO  com.example.servlet.BusPassServlet - The Status was Success for Update BusPass
2026-01-07 13:19:18 INFO  com.example.dao.BusPassDAO - Select Query Executed
2026-01-07 13:19:18 INFO  com.example.dao.BusPassDAO - BusPass Values Inserted
2026-01-07 13:19:18 ERROR com.example.dao.BusPassDAO - BusPass Values doesn't updated
2026-01-07 13:19:18 ERROR com.example.dao.BusPassDAO - BusPass Values doesn't deleted
2026-01-07 13:19:18 INFO  com.example.dao.UserDAO - called findByUsername
2026-01-07 13:19:18 INFO  c.example.service.BusPassServiceImpl - Called Find All method
2026-01-07 13:19:18 INFO  c.example.service.BusPassServiceImpl - TestPass retrived from table
2026-01-07 13:19:18 INFO  c.example.service.BusPassServiceImpl - BusPass Registered
2026-01-07 13:19:18 INFO  c.example.service.BusPassServiceImpl - BusPass Id : 2 Updated...
2026-01-07 13:19:18 INFO  c.example.service.BusPassServiceImpl - BusPass Id : 3 Deleted..
2026-01-07 13:19:19 INFO  com.example.servlet.BusPassServlet - The Status was Success - BusPass retrieved for this id: 5
2026-01-07 13:19:19 INFO  com.example.servlet.BusPassServlet - The Status was Success for created BusPass
2026-01-07 13:19:19 INFO  com.example.servlet.BusPassServlet - The Status was Success for Update BusPass id: 9
2026-01-07 13:19:19 INFO  com.example.servlet.BusPassServlet - The Status was Success - All BusPasses retrieved
2026-01-07 13:19:19 INFO  com.example.servlet.BusPassServlet - The Status was Success for Update BusPass
2026-01-07 16:43:41 INFO  com.example.dao.BusPassDAO - Select Query Executed
2026-01-07 16:43:41 INFO  com.example.dao.BusPassDAO - BusPass Values Inserted
2026-01-07 16:43:41 ERROR com.example.dao.BusPassDAO - BusPass Values doesn't updated
2026-01-07 16:43:41 ERROR com.example.dao.BusPassDAO - BusPass Values doesn't deleted
2026-01-07 16:43:41 INFO  com.example.dao.UserDAO - called findByUsername
2026-01-07 16:43:41 INFO  c.example.service.BusPassServiceImpl - Called Find All method
2026-01-07 16:43:41 INFO  c.example.service.BusPassServiceImpl - TestPass retrived from table
2026-01-07 16:43:41 INFO  c.example.service.BusPassServiceImpl - BusPass Registered
2026-01-07 16:43:41 INFO  c.example.service.BusPassServiceImpl - BusPass Id : 2 Updated...
2026-01-07 16:43:41 INFO  c.example.service.BusPassServiceImpl - BusPass Id : 3 Deleted..
2026-01-07 16:43:42 INFO  com.example.servlet.BusPassServlet - The Status was Success - BusPass retrieved for this id: 5
2026-01-07 16:43:42 INFO  com.example.servlet.BusPassServlet - The Status was Success for created BusPass
2026-01-07 16:43:42 INFO  com.example.servlet.BusPassServlet - The Status was Success for Update BusPass id: 9
2026-01-07 16:43:42 INFO  com.example.servlet.BusPassServlet - The Status was Success - All BusPasses retrieved
2026-01-07 16:43:42 INFO  com.example.servlet.BusPassServlet - The Status was Success for Update BusPass
2026-01-07 17:24:40 INFO  com.example.dao.BusPassDAO - Select Query Executed
2026-01-07 17:24:40 INFO  com.example.dao.BusPassDAO - BusPass Values Inserted
2026-01-07 17:24:40 ERROR com.example.dao.BusPassDAO - BusPass Values doesn't updated
2026-01-07 17:24:40 ERROR com.example.dao.BusPassDAO - BusPass Values doesn't deleted
2026-01-07 17:24:40 INFO  com.example.dao.UserDAO - called findByUsername
2026-01-07 17:24:40 INFO  c.example.service.BusPassServiceImpl - Called Find All method
2026-01-07 17:24:40 INFO  c.example.service.BusPassServiceImpl - TestPass retrived from table
2026-01-07 17:24:40 INFO  c.example.service.BusPassServiceImpl - BusPass Registered
2026-01-07 17:24:40 INFO  c.example.service.BusPassServiceImpl - BusPass Id : 2 Updated...
2026-01-07 17:24:40 INFO  c.example.service.BusPassServiceImpl - BusPass Id : 3 Deleted..
2026-01-07 17:24:41 INFO  com.example.servlet.BusPassServlet - The Status was Success - BusPass retrieved for this id: 5
2026-01-07 17:24:41 INFO  com.example.servlet.BusPassServlet - The Status was Success for created BusPass
2026-01-07 17:24:41 INFO  com.example.servlet.BusPassServlet - The Status was Success for Update BusPass id: 9
2026-01-07 17:24:41 INFO  com.example.servlet.BusPassServlet - The Status was Success - All BusPasses retrieved
2026-01-07 17:24:41 INFO  com.example.servlet.BusPassServlet - The Status was Success for Update BusPass
2026-01-07 17:35:25 INFO  com.example.dao.BusPassDAO - Select Query Executed
2026-01-07 17:35:25 INFO  com.example.dao.BusPassDAO - BusPass Values Inserted
2026-01-07 17:35:25 ERROR com.example.dao.BusPassDAO - BusPass Values doesn't updated
2026-01-07 17:35:25 ERROR com.example.dao.BusPassDAO - BusPass Values doesn't deleted
2026-01-07 17:35:25 INFO  com.example.dao.UserDAO - called findByUsername
2026-01-07 17:35:26 INFO  c.example.service.BusPassServiceImpl - Called Find All method
2026-01-07 17:35:26 INFO  c.example.service.BusPassServiceImpl - TestPass retrived from table
2026-01-07 17:35:26 INFO  c.example.service.BusPassServiceImpl - BusPass Registered
2026-01-07 17:35:26 INFO  c.example.service.BusPassServiceImpl - BusPass Id : 2 Updated...
2026-01-07 17:35:26 INFO  c.example.service.BusPassServiceImpl - BusPass Id : 3 Deleted..
2026-01-07 17:35:26 INFO  com.example.servlet.BusPassServlet - The Status was Success - BusPass retrieved for this id: 5
2026-01-07 17:35:26 INFO  com.example.servlet.BusPassServlet - The Status was Success for created BusPass
2026-01-07 17:35:26 INFO  com.example.servlet.BusPassServlet - The Status was Success for Update BusPass id: 9
2026-01-07 17:35:26 INFO  com.example.servlet.BusPassServlet - The Status was Success - All BusPasses retrieved
2026-01-07 17:35:26 INFO  com.example.servlet.BusPassServlet - The Status was Success for Update BusPass
